s:\opengl stuff\repos\mygame\omg\x64\debug\vc141.pdb
s:\opengl stuff\repos\mygame\omg\x64\debug\vc141.idb
s:\opengl stuff\repos\mygame\omg\x64\debug\ball_object.obj
s:\opengl stuff\repos\mygame\omg\x64\debug\game.obj
s:\opengl stuff\repos\mygame\omg\x64\debug\game_level.obj
s:\opengl stuff\repos\mygame\omg\x64\debug\game_object.obj
s:\opengl stuff\repos\mygame\omg\x64\debug\mario.obj
s:\opengl stuff\repos\mygame\omg\x64\debug\particle_generator.obj
s:\opengl stuff\repos\mygame\omg\x64\debug\post_processor.obj
s:\opengl stuff\repos\mygame\omg\x64\debug\resource_manager.obj
s:\opengl stuff\repos\mygame\omg\x64\debug\shader.obj
s:\opengl stuff\repos\mygame\omg\x64\debug\source.obj
s:\opengl stuff\repos\mygame\omg\x64\debug\sprite_renderer.obj
s:\opengl stuff\repos\mygame\omg\x64\debug\texture.obj
s:\opengl stuff\repos\mygame\omg\x64\debug\text_renderer.obj
s:\opengl stuff\repos\mygame\omg\x64\debug\glad.obj
s:\opengl stuff\repos\mygame\omg\x64\debug\car_level.obj
s:\opengl stuff\repos\mygame\x64\debug\my game.exe
s:\opengl stuff\repos\mygame\x64\debug\my game.ilk
s:\opengl stuff\repos\mygame\x64\debug\my game.pdb
s:\opengl stuff\repos\mygame\omg\x64\debug\my game.tlog\cl.command.1.tlog
s:\opengl stuff\repos\mygame\omg\x64\debug\my game.tlog\cl.read.1.tlog
s:\opengl stuff\repos\mygame\omg\x64\debug\my game.tlog\cl.write.1.tlog
s:\opengl stuff\repos\mygame\omg\x64\debug\my game.tlog\link.command.1.tlog
s:\opengl stuff\repos\mygame\omg\x64\debug\my game.tlog\link.read.1.tlog
s:\opengl stuff\repos\mygame\omg\x64\debug\my game.tlog\link.write.1.tlog
